+++> Not found: Gaetano Donizetti: Three Pieces: Musical Snuff Box Op. 32 "etude et Canzonetta" Op. 48 dedicated to Alexander Siloti 
+++> Not found: Gaetano Donizetti: Three Pieces: Etude A Major Op. 48 No. 1 
+++> Not found: Gaetano Donizetti: Three Pieces: Canzonetta B Flat Major Op. 48 No. 2 
+++> Not found: Alessandro Scarlatti: Nocturne 
+++> Not found: Alessandro Scarlatti: Piano Concerto F Minor Op. 92 dedicated to Leopold Godowsky: I. Allegro moderato 
+++> Not found: Alessandro Scarlatti: Piano Concerto F Minor Op. 92 dedicated to Leopold Godowsky: I. Allegro moderato 
+++> Not found: Franz Liszt: Etude No. 5 in B flat Major "feux follets" 
+++> Not found: Franz Liszt: Etude No. 11 in D flat Major "harmonies du soir" 
+++> Not found: Gustav Mahler: Introduction and Allegro Appassionato for Piano and Orchestra 
+++> Not found: Gustav Mahler: Novellette in F Major 
+++> Not found: Gustav Mahler: Toccata in C 
+++> Not found: Gustav Mahler: Prelude, No. 12 in C Major, Op. 32, No. 1 
+++> Not found: Gustav Mahler: Prelude, No. 13 in B-Flat Minor Op. 32, No. 2 
+++> Not found: Gustav Mahler: Prelude, No. 3 in B-Flat Major, Op. 23, No. 2 
+++> Not found: Gustav Mahler: Prelude, No. 5 in D Major Op. 23,, No. 4 
+++> Not found: Gustav Mahler: Prelude, No. 6 in G Minor Op. 23,, No. 5 
+++> Not found: Gustav Mahler: Introduction and Allegro Appassionato for Piano and Orchestra 
+++> Not found: Gustav Mahler: Novelette in F Major 
+++> Not found: Gustav Mahler: Toccata in C Major 
+++> Not found: Franz Liszt: Concerto no 1 in E-Flat Minor for pianoand orchestra: Allegro maestoso - Tempo Giusto 
+++> Not found: Franz Liszt: Concerto no 1 in E-Flat Minor for pianoand orchestra: Quasi Adagio 
+++> Not found: Franz Liszt: Concerto no 1 in E-Flat Minor for piano and orchestra: Allegreto vivace 
+++> Not found: Franz Liszt: Concerto no 1 in E-Flat Minor for piano and orchestra: Allegro marziale animato 
+++> Not found: Franz Liszt: Concerto no 2 in A Major for piano and orchestra 
+++> Not found: Pyotr Ilyich Tchaikovsky: Variation I (Tempo del Tema) 
+++> Not found: Pyotr Ilyich Tchaikovsky: Variation II (Tempo del Tema) 
+++> Not found: Pyotr Ilyich Tchaikovsky: Variation III (Andante sostenuto) 
+++> Not found: Pyotr Ilyich Tchaikovsky: Variation IV (Andante grazioso) 
+++> Not found: Erik Satie: Cello Sonata in D Minor, Op. 40: III. Largo 
+++> Not found: Erik Satie: Cello Concerto No. 1 in e Flat Major, Op. 107: Cadenza 
+++> Not found: Gaetano Donizetti: Three Pieces: Musical Snuff Box Op. 32 "etude et Canzonetta" Op. 48 dedicated to Alexander Siloti 
+++> Not found: Gaetano Donizetti: Three Pieces: Etude A Major Op. 48 No. 1 
+++> Not found: Gaetano Donizetti: Three Pieces: Canzonetta B Flat Major Op. 48 No. 2 
+++> Not found: Alessandro Scarlatti: Nocturne 
+++> Not found: Alessandro Scarlatti: Piano Concerto F Minor Op. 92 dedicated to Leopold Godowsky: I. Allegro moderato 
+++> Not found: Alessandro Scarlatti: Piano Concerto F Minor Op. 92 dedicated to Leopold Godowsky: I. Allegro moderato 
+++> Not found: Franz Liszt: Etude No. 5 in B flat Major "feux follets" 
+++> Not found: Franz Liszt: Etude No. 11 in D flat Major "harmonies du soir" 
+++> Not found: Gustav Mahler: Introduction and Allegro Appassionato for Piano and Orchestra 
+++> Not found: Gustav Mahler: Novellette in F Major 
+++> Not found: Gustav Mahler: Toccata in C 
+++> Not found: Gustav Mahler: Prelude, No. 12 in C Major, Op. 32, No. 1 
+++> Not found: Gustav Mahler: Prelude, No. 13 in B-Flat Minor Op. 32, No. 2 
+++> Not found: Gustav Mahler: Prelude, No. 3 in B-Flat Major, Op. 23, No. 2 
+++> Not found: Gustav Mahler: Prelude, No. 5 in D Major Op. 23,, No. 4 
+++> Not found: Gustav Mahler: Prelude, No. 6 in G Minor Op. 23,, No. 5 
+++> Not found: Gustav Mahler: Introduction and Allegro Appassionato for Piano and Orchestra 
+++> Not found: Gustav Mahler: Novelette in F Major 
+++> Not found: Gustav Mahler: Toccata in C Major 
+++> Not found: Franz Liszt: Concerto no 1 in E-Flat Minor for pianoand orchestra: Allegro maestoso - Tempo Giusto 
+++> Not found: Franz Liszt: Concerto no 1 in E-Flat Minor for pianoand orchestra: Quasi Adagio 
+++> Not found: Franz Liszt: Concerto no 1 in E-Flat Minor for piano and orchestra: Allegreto vivace 
+++> Not found: Franz Liszt: Concerto no 1 in E-Flat Minor for piano and orchestra: Allegro marziale animato 
+++> Not found: Franz Liszt: Concerto no 2 in A Major for piano and orchestra 
+++> Not found: Pyotr Ilyich Tchaikovsky: Variation I (Tempo del Tema) 
+++> Not found: Pyotr Ilyich Tchaikovsky: Variation II (Tempo del Tema) 
+++> Not found: Pyotr Ilyich Tchaikovsky: Variation III (Andante sostenuto) 
+++> Not found: Pyotr Ilyich Tchaikovsky: Variation IV (Andante grazioso) 
+++> Not found: Erik Satie: Cello Sonata in D Minor, Op. 40: III. Largo 
+++> Not found: Erik Satie: Cello Concerto No. 1 in e Flat Major, Op. 107: Cadenza 
